epoch,accuracy,loss,val_accuracy,val_loss
0,0.013959692791104317,5.166418552398682,0.024199936538934708,5.1138811111450195
1,0.02765524759888649,5.084545135498047,0.06511406600475311,5.00546932220459
2,0.07399825751781464,4.9495978355407715,0.1701124906539917,4.79428243637085
3,0.15462636947631836,4.680427074432373,0.2646150290966034,4.365316390991211
4,0.23121318221092224,4.258864879608154,0.34192806482315063,3.8193564414978027
5,0.30016639828681946,3.8064870834350586,0.41227027773857117,3.2632904052734375
6,0.3606804311275482,3.384242057800293,0.4843156039714813,2.8451764583587646
7,0.41922661662101746,3.0241518020629883,0.5495088696479797,2.4726881980895996
8,0.4668771028518677,2.7480101585388184,0.6087610721588135,2.1779887676239014
9,0.5099976062774658,2.5148000717163086,0.6483286023139954,1.964971899986267
10,0.5468316674232483,2.331270694732666,0.6800142526626587,1.8048344850540161
11,0.5791753530502319,2.170614719390869,0.709165096282959,1.651610255241394
12,0.60466468334198,2.0417325496673584,0.7284141182899475,1.5328580141067505
13,0.6273145079612732,1.9294427633285522,0.7479800581932068,1.4282641410827637
14,0.6472305059432983,1.83149254322052,0.7625158429145813,1.3544402122497559
15,0.6669088006019592,1.7447090148925781,0.7757841944694519,1.2837942838668823
16,0.6820042729377747,1.6684870719909668,0.7891713976860046,1.2215533256530762
17,0.695620596408844,1.6003917455673218,0.7989543676376343,1.1782535314559937
18,0.7081407308578491,1.5407754182815552,0.8038656711578369,1.141634225845337
19,0.7186666131019592,1.4876652956008911,0.8138466477394104,1.0827744007110596
20,0.728268027305603,1.4363222122192383,0.8200253248214722,1.0479891300201416
21,0.7407749891281128,1.3833622932434082,0.8239068388938904,1.030013918876648
22,0.7483821511268616,1.3433985710144043,0.828342854976654,0.9931434988975525
23,0.7552365064620972,1.3037563562393188,0.833372950553894,0.967060923576355
24,0.7623946666717529,1.265007495880127,0.8369771838188171,0.9387022256851196
25,0.7706093788146973,1.2294020652770996,0.8428390622138977,0.9143583178520203
26,0.7771732211112976,1.1944220066070557,0.8454530835151672,0.8903211355209351
27,0.7831559181213379,1.16621994972229,0.8471562266349792,0.8801997303962708
28,0.7903140783309937,1.1311571598052979,0.8510773181915283,0.8596914410591125
29,0.7950685620307922,1.105193853378296,0.8546023368835449,0.8413521647453308
30,0.7996777296066284,1.0805754661560059,0.8562262654304504,0.8266165852546692
31,0.8049209117889404,1.0490107536315918,0.8599889278411865,0.8062125444412231
32,0.8096621632575989,1.0261547565460205,0.8609395027160645,0.7979261875152588
33,0.8132940530776978,1.005751132965088,0.8653358817100525,0.7767032384872437
34,0.8197522163391113,0.9766684770584106,0.8655338883399963,0.7702648043632507
35,0.8239520192146301,0.9536737203598022,0.8671973943710327,0.758480429649353
36,0.8279405236244202,0.9293107986450195,0.8662468194961548,0.7511438727378845
37,0.832140326499939,0.9117525219917297,0.8692569732666016,0.7355320453643799
38,0.8369343876838684,0.8883772492408752,0.8714749813079834,0.7244802117347717
39,0.8396550416946411,0.8715032935142517,0.8710789084434509,0.7164519429206848
40,0.8443567156791687,0.8513281345367432,0.8741286396980286,0.7052924036979675
41,0.8472490310668945,0.8370518684387207,0.875633716583252,0.6951130032539368
42,0.8508809208869934,0.8159343004226685,0.8772180080413818,0.6897900104522705
43,0.8554636836051941,0.7969375252723694,0.8772972226142883,0.6818071603775024
44,0.8577221035957336,0.7824630737304688,0.8787230849266052,0.6728329062461853
45,0.8621463775634766,0.7669817209243774,0.879713237285614,0.6651087403297424
46,0.8648934364318848,0.7483592629432678,0.8798320889472961,0.6570268273353577
47,0.8679706454277039,0.735667884349823,0.880505383014679,0.6545209884643555
48,0.8695554733276367,0.7211530208587646,0.8809014558792114,0.6502878069877625
49,0.8732929825782776,0.7058359980583191,0.8819708228111267,0.6391828060150146
50,0.8762909770011902,0.693014919757843,0.8814559578895569,0.637736976146698
51,0.8777437210083008,0.68329918384552,0.8835155367851257,0.6282106637954712
52,0.8817850351333618,0.6654554605484009,0.8837135434150696,0.625145673751831
53,0.8849679231643677,0.6500688791275024,0.8836739659309387,0.6245505213737488
54,0.8865527510643005,0.6405608654022217,0.884268045425415,0.6191250681877136
55,0.8895111083984375,0.6279082298278809,0.8841492533683777,0.6156682968139648
56,0.8908581733703613,0.6181356906890869,0.8856939077377319,0.610477089881897
57,0.8948730826377869,0.6004968285560608,0.8875158429145813,0.6039251089096069
58,0.8966824412345886,0.5893176794052124,0.8868425488471985,0.6033279895782471
59,0.8982143998146057,0.5787867903709412,0.8861691951751709,0.6035705208778381
60,0.8997596502304077,0.571752667427063,0.8875158429145813,0.5975167155265808
61,0.9045141339302063,0.5571783185005188,0.8868029117584229,0.5934740900993347
62,0.9042631983757019,0.5511460304260254,0.8888624906539917,0.588693380355835
63,0.9062442183494568,0.5401852130889893,0.8870405554771423,0.5899930000305176
64,0.9104307889938354,0.5241326093673706,0.8877534866333008,0.586796760559082
65,0.9124118685722351,0.517242431640625,0.8904467821121216,0.5778676867485046
66,0.913085401058197,0.5114361047744751,0.8892189264297485,0.5772742033004761
67,0.915805995464325,0.5014519095420837,0.8888228535652161,0.5763751268386841
68,0.9181832671165466,0.48903146386146545,0.889614999294281,0.578852653503418
69,0.9207189679145813,0.48082101345062256,0.8892585635185242,0.5765835046768188
70,0.9211283922195435,0.47256332635879517,0.8893377780914307,0.5752301216125488
71,0.9250508546829224,0.4614199101924896,0.8906447887420654,0.5716152191162109
72,0.9257376194000244,0.45702990889549255,0.8887040615081787,0.5730500221252441
73,0.9270451068878174,0.4484293758869171,0.8914369344711304,0.5685819387435913
74,0.9283525943756104,0.43873023986816406,0.8908032178878784,0.569375216960907
75,0.9298713803291321,0.43154478073120117,0.8901695013046265,0.5677011013031006
76,0.9301883578300476,0.4264591634273529,0.8910804986953735,0.5666432976722717
77,0.9342692494392395,0.41710352897644043,0.89115971326828,0.5700922012329102
78,0.9358144402503967,0.41100776195526123,0.8904467821121216,0.56833815574646
79,0.9360522031784058,0.4062173664569855,0.8904863595962524,0.5653963685035706
80,0.9377162456512451,0.3966987133026123,0.8903675675392151,0.561978280544281
81,0.9385747313499451,0.38963037729263306,0.8876742720603943,0.567877471446991
82,0.9408330917358398,0.3809822201728821,0.8931004405021667,0.560258686542511
83,0.942550003528595,0.3771548569202423,0.8915953636169434,0.5617133378982544
84,0.9420877695083618,0.37218669056892395,0.8891001343727112,0.5635473728179932
85,0.9439367055892944,0.36533594131469727,0.8902883529663086,0.5625277161598206
86,0.9471459984779358,0.3557070791721344,0.8907240033149719,0.561439037322998
87,0.9473044872283936,0.35381048917770386,0.8895357847213745,0.5662681460380554
88,0.9477139115333557,0.3486636281013489,0.89009028673172,0.5632462501525879
89,0.9499590396881104,0.34069234132766724,0.8906844258308411,0.5651043057441711
90,0.9502496123313904,0.3352148234844208,0.8905655741691589,0.5600908994674683
91,0.9515438675880432,0.33108243346214294,0.8906447887420654,0.5600939989089966
92,0.9539343118667603,0.32219722867012024,0.8917142152786255,0.5602052807807922
93,0.9540796279907227,0.32036110758781433,0.891318142414093,0.5583149790763855
94,0.9556644558906555,0.31496480107307434,0.8905655741691589,0.5696167349815369
95,0.9562851786613464,0.3093499541282654,0.8915161490440369,0.5613387227058411
96,0.957447350025177,0.3032647967338562,0.8912785053253174,0.5665408372879028
97,0.9591906666755676,0.29823601245880127,0.8912785053253174,0.5602028965950012
98,0.9588472843170166,0.2966981530189514,0.8906447887420654,0.5620220303535461
99,0.9607887268066406,0.28994664549827576,0.8905655741691589,0.5605505108833313
